2025-06-23T16:52:32.104-03:00  INFO 5160 --- [main] c.u.e.b.t.TrabalhoWebApplication         : Starting TrabalhoWebApplication using Java 21.0.4 with PID 5160 (C:\Users\mathe\Downloads\Projeto Web 0 2925.1\server\target\classes started by mathe in C:\Users\mathe\Downloads\Projeto Web 0 2925.1\server)
2025-06-23T16:52:32.106-03:00  INFO 5160 --- [main] c.u.e.b.t.TrabalhoWebApplication         : The following 1 profile is active: "dev"
2025-06-23T16:52:32.712-03:00  INFO 5160 --- [main] .s.d.r.c.RepositoryConfigurationDelegate : Bootstrapping Spring Data JPA repositories in DEFAULT mode.
2025-06-23T16:52:32.777-03:00  INFO 5160 --- [main] .s.d.r.c.RepositoryConfigurationDelegate : Finished Spring Data repository scanning in 56 ms. Found 5 JPA repository interfaces.
2025-06-23T16:52:33.286-03:00  INFO 5160 --- [main] o.s.b.w.embedded.tomcat.TomcatWebServer  : Tomcat initialized with port(s): 8081 (http)
2025-06-23T16:52:33.304-03:00  INFO 5160 --- [main] o.apache.catalina.core.StandardService   : Starting service [Tomcat]
2025-06-23T16:52:33.304-03:00  INFO 5160 --- [main] o.apache.catalina.core.StandardEngine    : Starting Servlet engine: [Apache Tomcat/10.1.15]
2025-06-23T16:52:33.391-03:00  INFO 5160 --- [main] o.a.c.c.C.[Tomcat].[localhost].[/]       : Initializing Spring embedded WebApplicationContext
2025-06-23T16:52:33.391-03:00  INFO 5160 --- [main] w.s.c.ServletWebServerApplicationContext : Root WebApplicationContext: initialization completed in 1236 ms
2025-06-23T16:52:33.419-03:00  INFO 5160 --- [main] com.zaxxer.hikari.HikariDataSource       : HikariPool-1 - Starting...
2025-06-23T16:52:33.638-03:00  INFO 5160 --- [main] com.zaxxer.hikari.pool.HikariPool        : HikariPool-1 - Added connection conn0: url=jdbc:h2:mem:pw45s user=SA
2025-06-23T16:52:33.643-03:00  INFO 5160 --- [main] com.zaxxer.hikari.HikariDataSource       : HikariPool-1 - Start completed.
2025-06-23T16:52:33.655-03:00  INFO 5160 --- [main] o.s.b.a.h2.H2ConsoleAutoConfiguration    : H2 console available at '/h2-console'. Database available at 'jdbc:h2:mem:pw45s'
2025-06-23T16:52:33.767-03:00  INFO 5160 --- [main] o.hibernate.jpa.internal.util.LogHelper  : HHH000204: Processing PersistenceUnitInfo [name: default]
2025-06-23T16:52:33.818-03:00  INFO 5160 --- [main] org.hibernate.Version                    : HHH000412: Hibernate ORM core version 6.2.13.Final
2025-06-23T16:52:33.821-03:00  INFO 5160 --- [main] org.hibernate.cfg.Environment            : HHH000406: Using bytecode reflection optimizer
2025-06-23T16:52:33.826-03:00  WARN 5160 --- [main] org.hibernate.orm.deprecation            : HHH90000021: Encountered deprecated setting [javax.persistence.validation.mode], use [jakarta.persistence.validation.mode] instead
2025-06-23T16:52:34.087-03:00  INFO 5160 --- [main] o.s.o.j.p.SpringPersistenceUnitInfo      : No LoadTimeWeaver setup: ignoring JPA class transformer
2025-06-23T16:52:35.127-03:00  INFO 5160 --- [main] o.h.e.t.j.p.i.JtaPlatformInitiator       : HHH000489: No JTA platform available (set 'hibernate.transaction.jta.platform' to enable JTA platform integration)
2025-06-23T16:52:35.130-03:00  INFO 5160 --- [main] j.LocalContainerEntityManagerFactoryBean : Initialized JPA EntityManagerFactory for persistence unit 'default'
2025-06-23T16:52:35.625-03:00  WARN 5160 --- [main] JpaBaseConfiguration$JpaWebConfiguration : spring.jpa.open-in-view is enabled by default. Therefore, database queries may be performed during view rendering. Explicitly configure spring.jpa.open-in-view to disable this warning
2025-06-23T16:52:35.971-03:00  INFO 5160 --- [main] o.s.b.w.embedded.tomcat.TomcatWebServer  : Tomcat started on port(s): 8081 (http) with context path ''
2025-06-23T16:52:35.978-03:00  INFO 5160 --- [main] c.u.e.b.t.TrabalhoWebApplication         : Started TrabalhoWebApplication in 4.383 seconds (process running for 5.054)
2025-06-23T16:53:06.994-03:00  INFO 5160 --- [SpringApplicationShutdownHook] j.LocalContainerEntityManagerFactoryBean : Closing JPA EntityManagerFactory for persistence unit 'default'
2025-06-23T16:53:06.996-03:00  INFO 5160 --- [SpringApplicationShutdownHook] com.zaxxer.hikari.HikariDataSource       : HikariPool-1 - Shutdown initiated...
2025-06-23T16:53:06.997-03:00  INFO 5160 --- [SpringApplicationShutdownHook] com.zaxxer.hikari.HikariDataSource       : HikariPool-1 - Shutdown completed.
